<?xml version="1.0" encoding="UTF-8"?>
<testsuite xmlns:xsi="http://www.w3.org/2001/XMLSchema-instance" xsi:noNamespaceSchemaLocation="https://maven.apache.org/surefire/maven-surefire-plugin/xsd/surefire-test-report.xsd" version="3.0.2" name="com.campus.hub.booking.BookingControllerTest" time="4.238" tests="1" errors="0" skipped="0" failures="0">
  <properties>
[...]
</properties>
  <testcase name="testGetAllBookings_ReturnsList" classname="com.campus.hub.booking.BookingControllerTest" time="0.184">
    <system-out><![CDATA[17:25:23.237 [main] INFO org.springframework.test.context.support.AnnotationConfigContextLoaderUtils -- Could not detect default configuration classes for test class [com.campus.hub.booking.BookingControllerTest]: BookingControllerTest does not declare any static, non-private, non-final, nested classes annotated with @Configuration.
17:25:23.359 [main] INFO org.springframework.boot.test.context.SpringBootTestContextBootstrapper -- Found @SpringBootConfiguration com.campus.hub.HubApplication for test class com.campus.hub.booking.BookingControllerTest

  .   ____          _            __ _ _
 /\\ / ___'_ __ _ _(_)_ __  __ _ \ \ \ \
( ( )\___ | '_ | '_| | '_ \/ _` | \ \ \ \
 \\/  ___)| |_)| | | | | || (_| |  ) ) ) )
  '  |____| .__|_| |_|_| |_\__, | / / / /
 =========|_|==============|___/=/_/_/_/

 :: Spring Boot ::                (v3.5.0)

2026-04-17T17:25:23.836+05:30  INFO 15476 --- [           main] c.c.hub.booking.BookingControllerTest    : Starting BookingControllerTest using Java 17.0.18 with PID 15476 (started by WW in C:\Users\WW\Documents\GitHub\PAF\backend)
2026-04-17T17:25:23.837+05:30  INFO 15476 --- [           main] c.c.hub.booking.BookingControllerTest    : No active profile set, falling back to 1 default profile: "default"
2026-04-17T17:25:24.346+05:30  INFO 15476 --- [           main] .s.d.r.c.RepositoryConfigurationDelegate : Bootstrapping Spring Data MongoDB repositories in DEFAULT mode.
2026-04-17T17:25:24.414+05:30  INFO 15476 --- [           main] .s.d.r.c.RepositoryConfigurationDelegate : Finished Spring Data repository scanning in 60 ms. Found 5 MongoDB repository interfaces.
2026-04-17T17:25:25.802+05:30  INFO 15476 --- [           main] org.mongodb.driver.client                : MongoClient with metadata {"application": {"name": "Cluster0"}, "driver": {"name": "mongo-java-driver|sync|spring-boot", "version": "5.4.0"}, "os": {"type": "Windows", "name": "Windows 11", "architecture": "amd64", "version": "10.0"}, "platform": "Java/Eclipse Adoptium/17.0.18+8"} created with settings MongoClientSettings{readPreference=primary, writeConcern=WriteConcern{w=majority, wTimeout=null ms, journal=null}, retryWrites=true, retryReads=true, readConcern=ReadConcern{level=null}, credential=MongoCredential{mechanism=null, userName='PAF', source='admin', password=<hidden>, mechanismProperties=<hidden>}, transportSettings=null, commandListeners=[], codecRegistry=ProvidersCodecRegistry{codecProviders=[ValueCodecProvider{}, BsonValueCodecProvider{}, DBRefCodecProvider{}, DBObjectCodecProvider{}, DocumentCodecProvider{}, CollectionCodecProvider{}, IterableCodecProvider{}, MapCodecProvider{}, GeoJsonCodecProvider{}, GridFSFileCodecProvider{}, Jsr310CodecProvider{}, JsonObjectCodecProvider{}, BsonCodecProvider{}, EnumCodecProvider{}, com.mongodb.client.model.mql.ExpressionCodecProvider@733fae8, com.mongodb.Jep395RecordCodecProvider@5a8d676e, com.mongodb.KotlinCodecProvider@74764622]}, loggerSettings=LoggerSettings{maxDocumentLength=1000}, clusterSettings={hosts=[127.0.0.1:27017], srvHost=cluster0.1i0mouu.mongodb.net, srvServiceName=mongodb, mode=MULTIPLE, requiredClusterType=REPLICA_SET, requiredReplicaSetName='atlas-o4j6ys-shard-0', serverSelector='null', clusterListeners='[]', serverSelectionTimeout='30000 ms', localThreshold='15 ms'}, socketSettings=SocketSettings{connectTimeoutMS=10000, readTimeoutMS=0, receiveBufferSize=0, proxySettings=ProxySettings{host=null, port=null, username=null, password=null}}, heartbeatSocketSettings=SocketSettings{connectTimeoutMS=10000, readTimeoutMS=10000, receiveBufferSize=0, proxySettings=ProxySettings{host=null, port=null, username=null, password=null}}, connectionPoolSettings=ConnectionPoolSettings{maxSize=100, minSize=0, maxWaitTimeMS=120000, maxConnectionLifeTimeMS=0, maxConnectionIdleTimeMS=0, maintenanceInitialDelayMS=0, maintenanceFrequencyMS=60000, connectionPoolListeners=[], maxConnecting=2}, serverSettings=ServerSettings{heartbeatFrequencyMS=10000, minHeartbeatFrequencyMS=500, serverMonitoringMode=AUTO, serverListeners='[]', serverMonitorListeners='[]'}, sslSettings=SslSettings{enabled=true, invalidHostNameAllowed=false, context=null}, applicationName='Cluster0', compressorList=[], uuidRepresentation=JAVA_LEGACY, serverApi=null, autoEncryptionSettings=null, dnsClient=null, inetAddressResolver=null, contextProvider=null, timeoutMS=null}
2026-04-17T17:25:25.847+05:30  INFO 15476 --- [ouu.mongodb.net] org.mongodb.driver.cluster               : Adding discovered server ac-9hrtwwo-shard-00-02.1i0mouu.mongodb.net:27017 to client view of cluster
2026-04-17T17:25:25.870+05:30  INFO 15476 --- [ouu.mongodb.net] org.mongodb.driver.cluster               : Adding discovered server ac-9hrtwwo-shard-00-00.1i0mouu.mongodb.net:27017 to client view of cluster
2026-04-17T17:25:25.872+05:30  INFO 15476 --- [ouu.mongodb.net] org.mongodb.driver.cluster               : Adding discovered server ac-9hrtwwo-shard-00-01.1i0mouu.mongodb.net:27017 to client view of cluster
2026-04-17T17:25:25.982+05:30  WARN 15476 --- [           main] o.s.data.convert.CustomConversions       : Registering converter from interface java.util.List to interface org.springframework.data.domain.Vector as reading converter although it doesn't convert from a store-supported type; You might want to check your annotation setup at the converter implementation
2026-04-17T17:25:26.108+05:30  WARN 15476 --- [           main] o.s.data.convert.CustomConversions       : Registering converter from interface java.util.List to interface org.springframework.data.domain.Vector as reading converter although it doesn't convert from a store-supported type; You might want to check your annotation setup at the converter implementation
2026-04-17T17:25:26.641+05:30  INFO 15476 --- [ngodb.net:27017] org.mongodb.driver.cluster               : Monitor thread successfully connected to server with description ServerDescription{address=ac-9hrtwwo-shard-00-00.1i0mouu.mongodb.net:27017, type=REPLICA_SET_SECONDARY, cryptd=false, state=CONNECTED, ok=true, minWireVersion=0, maxWireVersion=25, maxDocumentSize=16777216, logicalSessionTimeoutMinutes=30, roundTripTimeNanos=385883800, minRoundTripTimeNanos=0, setName='atlas-o4j6ys-shard-0', canonicalAddress=ac-9hrtwwo-shard-00-00.1i0mouu.mongodb.net:27017, hosts=[ac-9hrtwwo-shard-00-02.1i0mouu.mongodb.net:27017, ac-9hrtwwo-shard-00-01.1i0mouu.mongodb.net:27017, ac-9hrtwwo-shard-00-00.1i0mouu.mongodb.net:27017], passives=[], arbiters=[], primary='ac-9hrtwwo-shard-00-02.1i0mouu.mongodb.net:27017', tagSet=TagSet{[Tag{name='availabilityZone', value='aps1-az1'}, Tag{name='cacheState', value='READY'}, Tag{name='diskState', value='READY'}, Tag{name='nodeType', value='ELECTABLE'}, Tag{name='provider', value='AWS'}, Tag{name='region', value='AP_SOUTH_1'}, Tag{name='workloadType', value='OPERATIONAL'}]}, electionId=null, setVersion=220, topologyVersion=TopologyVersion{processId=69cfe6b4d40b027007fe52fb, counter=5}, lastWriteDate=Fri Apr 17 17:25:26 IST 2026, lastUpdateTimeNanos=75437991846700}
2026-04-17T17:25:26.641+05:30  INFO 15476 --- [ngodb.net:27017] org.mongodb.driver.cluster               : Monitor thread successfully connected to server with description ServerDescription{address=ac-9hrtwwo-shard-00-02.1i0mouu.mongodb.net:27017, type=REPLICA_SET_PRIMARY, cryptd=false, state=CONNECTED, ok=true, minWireVersion=0, maxWireVersion=25, maxDocumentSize=16777216, logicalSessionTimeoutMinutes=30, roundTripTimeNanos=390932300, minRoundTripTimeNanos=0, setName='atlas-o4j6ys-shard-0', canonicalAddress=ac-9hrtwwo-shard-00-02.1i0mouu.mongodb.net:27017, hosts=[ac-9hrtwwo-shard-00-02.1i0mouu.mongodb.net:27017, ac-9hrtwwo-shard-00-01.1i0mouu.mongodb.net:27017, ac-9hrtwwo-shard-00-00.1i0mouu.mongodb.net:27017], passives=[], arbiters=[], primary='ac-9hrtwwo-shard-00-02.1i0mouu.mongodb.net:27017', tagSet=TagSet{[Tag{name='availabilityZone', value='aps1-az2'}, Tag{name='cacheState', value='READY'}, Tag{name='diskState', value='READY'}, Tag{name='nodeType', value='ELECTABLE'}, Tag{name='provider', value='AWS'}, Tag{name='region', value='AP_SOUTH_1'}, Tag{name='workloadType', value='OPERATIONAL'}]}, electionId=7fffffff0000000000000327, setVersion=220, topologyVersion=TopologyVersion{processId=69cfe85fc3f40dd3110cccb8, counter=7}, lastWriteDate=Fri Apr 17 17:25:26 IST 2026, lastUpdateTimeNanos=75437991846700}
2026-04-17T17:25:26.641+05:30  INFO 15476 --- [ngodb.net:27017] org.mongodb.driver.cluster               : Monitor thread successfully connected to server with description ServerDescription{address=ac-9hrtwwo-shard-00-01.1i0mouu.mongodb.net:27017, type=REPLICA_SET_SECONDARY, cryptd=false, state=CONNECTED, ok=true, minWireVersion=0, maxWireVersion=25, maxDocumentSize=16777216, logicalSessionTimeoutMinutes=30, roundTripTimeNanos=390933400, minRoundTripTimeNanos=0, setName='atlas-o4j6ys-shard-0', canonicalAddress=ac-9hrtwwo-shard-00-01.1i0mouu.mongodb.net:27017, hosts=[ac-9hrtwwo-shard-00-02.1i0mouu.mongodb.net:27017, ac-9hrtwwo-shard-00-01.1i0mouu.mongodb.net:27017, ac-9hrtwwo-shard-00-00.1i0mouu.mongodb.net:27017], passives=[], arbiters=[], primary='ac-9hrtwwo-shard-00-02.1i0mouu.mongodb.net:27017', tagSet=TagSet{[Tag{name='availabilityZone', value='aps1-az3'}, Tag{name='cacheState', value='READY'}, Tag{name='diskState', value='READY'}, Tag{name='nodeType', value='ELECTABLE'}, Tag{name='provider', value='AWS'}, Tag{name='region', value='AP_SOUTH_1'}, Tag{name='workloadType', value='OPERATIONAL'}]}, electionId=null, setVersion=220, topologyVersion=TopologyVersion{processId=69cfeb02c7c1762f5c152c2e, counter=4}, lastWriteDate=Fri Apr 17 17:25:26 IST 2026, lastUpdateTimeNanos=75437991846700}
2026-04-17T17:25:26.644+05:30  INFO 15476 --- [ngodb.net:27017] org.mongodb.driver.cluster               : Discovered replica set primary ac-9hrtwwo-shard-00-02.1i0mouu.mongodb.net:27017 with max election id 7fffffff0000000000000327 and max set version 220
2026-04-17T17:25:27.143+05:30  INFO 15476 --- [           main] o.s.b.t.m.w.SpringBootMockServletContext : Initializing Spring TestDispatcherServlet ''
2026-04-17T17:25:27.143+05:30  INFO 15476 --- [           main] o.s.t.web.servlet.TestDispatcherServlet  : Initializing Servlet ''
2026-04-17T17:25:27.143+05:30  INFO 15476 --- [           main] o.s.t.web.servlet.TestDispatcherServlet  : Completed initialization in 0 ms
2026-04-17T17:25:27.166+05:30  INFO 15476 --- [           main] c.c.hub.booking.BookingControllerTest    : Started BookingControllerTest in 3.659 seconds (process running for 4.456)
]]></system-out>
  </testcase>
</testsuite>